  animation.cpp
  Girl.cpp
c:\users\dell\source\repos\dota4\dota4\girl.cpp(11): warning C4244: 'argument': conversion from 'T' to 'T', possible loss of data
          with
          [
              T=unsigned int
          ]
          and
          [
              T=float
          ]
c:\users\dell\source\repos\dota4\dota4\girl.cpp(13): warning C4244: 'argument': conversion from 'const T' to 'T', possible loss of data
          with
          [
              T=float
          ]
          and
          [
              T=int
          ]
  Hero.cpp
c:\users\dell\source\repos\dota4\dota4\hero.cpp(7): warning C4244: 'argument': conversion from 'T' to 'T', possible loss of data
          with
          [
              T=unsigned int
          ]
          and
          [
              T=float
          ]
c:\users\dell\source\repos\dota4\dota4\hero.cpp(10): warning C4244: 'argument': conversion from 'const T' to 'T', possible loss of data
          with
          [
              T=float
          ]
          and
          [
              T=int
          ]
  Juggernaut.cpp
c:\users\dell\source\repos\dota4\dota4\juggernaut.cpp(11): warning C4244: 'argument': conversion from 'T' to 'T', possible loss of data
          with
          [
              T=unsigned int
          ]
          and
          [
              T=float
          ]
c:\users\dell\source\repos\dota4\dota4\juggernaut.cpp(13): warning C4244: 'argument': conversion from 'const T' to 'T', possible loss of data
          with
          [
              T=float
          ]
          and
          [
              T=int
          ]
  main.cpp
  Generating code
  0 of 120 functions ( 0.0%) were compiled, the rest were copied from previous compilation.
    0 functions were new in current compilation
    0 functions had inline decision re-evaluated but remain unchanged
  Finished generating code
  dota4.vcxproj -> C:\Users\Dell\source\repos\dota4\Release\dota4.exe
